[02:18:08] [ServerMain/INFO]: Environment: Environment[sessionHost=https://sessionserver.mojang.com, servicesHost=https://api.minecraftservices.com, name=PROD]
[02:18:10] [ServerMain/INFO]: Loaded 1175 recipes
[02:18:10] [ServerMain/INFO]: Loaded 1276 advancements
[02:18:11] [Server thread/INFO]: Starting minecraft server version 1.20.6
[02:18:11] [Server thread/INFO]: Loading properties
[02:18:11] [Server thread/INFO]: Default game type: SURVIVAL
[02:18:11] [Server thread/INFO]: Generating keypair
[02:18:11] [Server thread/INFO]: Starting Minecraft server on *:25565
[02:18:11] [Server thread/INFO]: Using epoll channel type
[02:18:11] [Server thread/WARN]: **** SERVER IS RUNNING IN OFFLINE/INSECURE MODE!
[02:18:11] [Server thread/WARN]: The server will make no attempt to authenticate usernames. Beware.
[02:18:11] [Server thread/WARN]: While this makes the game possible to play without internet access, it also opens up the ability for hackers to connect with any username they choose.
[02:18:11] [Server thread/WARN]: To change this, set "online-mode" to "true" in the server.properties file.
[02:18:11] [Server thread/INFO]: Preparing level "world"
[02:18:14] [Server thread/INFO]: Preparing start region for dimension minecraft:overworld
[02:18:14] [Worker-Main-3/INFO]: Preparing spawn area: 0%
[02:18:14] [Worker-Main-2/INFO]: Preparing spawn area: 0%
[02:18:15] [Worker-Main-3/INFO]: Preparing spawn area: 0%
[02:18:15] [Worker-Main-3/INFO]: Preparing spawn area: 0%
[02:18:16] [Worker-Main-2/INFO]: Preparing spawn area: 0%
[02:18:16] [Worker-Main-2/INFO]: Preparing spawn area: 0%
[02:18:17] [Worker-Main-3/INFO]: Preparing spawn area: 2%
[02:18:17] [Server thread/INFO]: Time elapsed: 3344 ms
[02:18:17] [Server thread/INFO]: Done (5.814s)! For help, type "help"
[02:21:07] [Server thread/INFO]: renny_lopez_2020[/127.80.252.253:53877] logged in with entity id 6 at (75.73587724960608, 71.0, 177.8473900400896)
[02:21:07] [Server thread/INFO]: renny_lopez_2020 joined the game
[02:21:12] [Server thread/INFO]: Alest[/127.187.155.65:34113] logged in with entity id 358 at (-127.60330509860387, 70.0, 44.33882824932361)
[02:21:12] [Server thread/INFO]: Alest joined the game
[02:22:25] [Server thread/INFO]: [Not Secure] <renny_lopez_2020> dasdfdñoihgfa
[02:22:28] [Server thread/INFO]: [Not Secure] <Alest> aasdasda
